<?xml version="1.0" encoding="UTF-8"?>
<!-- Generated by org.testng.reporters.JUnitReportReporter -->
<testsuite hostname="SEYEDM" failures="0" tests="8" name="NonWorkMarketFlow" time="484.927" errors="1" timestamp="2022-10-13T07:11:25 IST" skipped="0">
  <testcase classname="NonWorkMarketFlow" name="nonWorkMarketFlow" time="59.434"/>
  <system-out>
    <![CDATA[First Job is clicked
Add Meter Button is clicked
Mac Address is added
Next button is clicked
Clicked the 1st Step
Add Panels Button is clicked
Next Button is clicked
De-Energized Radio button is clicked
Safety Check Next button is clicked
Upload from Gallery button clicked
Photo Selected]]>
  </system-out>
  <testcase classname="NonWorkMarketFlow" name="numberedPanelsFlow" time="141.767"/>
  <system-out>
    <![CDATA[3-Phase Selected
Next Button is clicked
Odd Numbers Selected for Left Range
Even Numbers Selected for Right Range
Top to Bottom Selected as Phasing Pattern
Starting Number Added for Left Panels
Ending Number Added for Left Panels
Starting Number Added for Right Panels
Ending Number Added for Right Panels
Left Side Breaker Next button clicked
Right Side Breaker Next button clicked
Photo Upload From Gallery option selected
Photo Selected From Gallery]]>
  </system-out>
  <testcase classname="NonWorkMarketFlow" name="powerFlowWithNumberedPanels" time="32.080"/>
  <system-out/>
  <testcase classname="NonWorkMarketFlow" name="CTFlow" time="66.536"/>
  <system-out>
    <![CDATA[Port A DropDown is clicked
CT Size is selected
Panel A1 Dropdown is clicked
Panel A1 Value is selected
Breaker A1 Dropdown is selected
Breaker A1 Value is selected
Panel A2 Dropdown is clicked
Panel A2 Value is selected
Breaker A2 Dropdown is selected
Breaker A2 Value is selected
Clicked CT Main Page Next Button
Typed Brief Explanation
Clicked CT Modal Next Button
Photo Upload From Gallery option selected
Photo Selected From Gallery]]>
  </system-out>
  <testcase classname="NonWorkMarketFlow" name="testFlow" time="50.250"/>
  <system-out>
    <![CDATA[Test - Safety Standard Check Box is selected
Test - Restored Power Check Box is selected
Test Home Next Button Clicked
Test Meter Button Clicked
Test Done Button Clicked]]>
  </system-out>
  <testcase classname="NonWorkMarketFlow" name="cellRouterFlow" time="46.191"/>
  <system-out>
    <![CDATA[Cell Router Yes Radio button is clicked
Cell Router Next button is clicked
Cell Router Mac Address Typed
Cell Router MAC Next button is clicked
Cell Router Optional Next button is clicked
Photo Upload From Gallery option selected
Photo Selected From Gallery]]>
  </system-out>
  <testcase classname="NonWorkMarketFlow" name="WrapUpFlow" time="77.744"/>
  <system-out>
    <![CDATA[Wrap Up Home Page Next Button is Clicked
Upload From Gallery Button Clicked
Photo Selected From Gallery
Sticker Next Button Clicked
Left Over Material Yes Button Clicked
Excess Meter Quantity Entered
Excess Cell Router Quantity Entered
Left Over Material Next Button Clicked
Wrap Up Comment Entered
Wrap Up Completed]]>
  </system-out>
  <testcase classname="NonWorkMarketFlow" name="SubmitFlow" time="10.925">
    <error message="An unknown error has occurred
Build info: version: &#039;4.1.4&#039;, revision: &#039;535d840ee2&#039;
System info: host: &#039;SEYEDM&#039;, ip: &#039;192.168.8.5&#039;, os.name: &#039;Windows 10&#039;, os.arch: &#039;amd64&#039;, os.version: &#039;10.0&#039;, java.version: &#039;17.0.2&#039;
Driver info: io.appium.java_client.android.AndroidDriver
Command: [57f2cf84adc99c23eacc8709c0958c1c7fed196f, findElement {using=xpath, value=//android.view.ViewGroup[@resource-id=&#039;finalize_submit_landing_btn&#039;]}]
Capabilities {appium:appActivity: com.redaptive.MainActivity, appium:appPackage: com.redaptive, appium:automationName: uiautomator2, appium:chromedriverPort: 18080, appium:chromedriverPorts: [[18100, 18110]], appium:databaseEnabled: false, appium:desired: {appActivity: com.redaptive.MainActivity, appPackage: com.redaptive, automationName: uiautomator2, bstack:options: {appiumVersion: 1.17.0}, chromedriverPort: 18080, chromedriverPorts: [[18100, 18110]], deviceName: google pixel 5, disableSuppressAccessibilityService: true, goog:chromeOptions: {}, nativeWebScreenshot: true, newCommandTimeout: 0, platformName: Android, platformVersion: 12.0, skipServerInstallation: true, systemPort: 8200, udid: 0B141FDD4001BB}, appium:deviceApiLevel: 31, appium:deviceManufacturer: Google, appium:deviceModel: Pixel 5, appium:deviceName: 0B141FDD4001BB, appium:deviceScreenDensity: 440, appium:deviceScreenSize: 1080x2340, appium:deviceUDID: 0B141FDD4001BB, appium:disableSuppressAccessibilityService: true, appium:javascriptEnabled: true, appium:locationContextEnabled: false, appium:nativeWebScreenshot: true, appium:networkConnectionEnabled: true, appium:newCommandTimeout: 0, appium:pixelRatio: 2.75, appium:platformVersion: 12, appium:skipServerInstallation: true, appium:statBarHeight: 145, appium:systemPort: 8200, appium:takesScreenshot: true, appium:udid: 0B141FDD4001BB, appium:viewportRect: {height: 2015, left: 0, top: 145, width: 1080}, appium:warnings: {}, appium:webStorageEnabled: false, bstack:options: {appiumVersion: 1.17.0}, goog:chromeOptions: {}, platformName: Android}
Session ID: 57f2cf84adc99c23eacc8709c0958c1c7fed196f" type="org.openqa.selenium.WebDriverException">
      <![CDATA[org.openqa.selenium.WebDriverException: An unknown error has occurred
Build info: version: '4.1.4', revision: '535d840ee2'
System info: host: 'SEYEDM', ip: '192.168.8.5', os.name: 'Windows 10', os.arch: 'amd64', os.version: '10.0', java.version: '17.0.2'
Driver info: io.appium.java_client.android.AndroidDriver
Command: [57f2cf84adc99c23eacc8709c0958c1c7fed196f, findElement {using=xpath, value=//android.view.ViewGroup[@resource-id='finalize_submit_landing_btn']}]
Capabilities {appium:appActivity: com.redaptive.MainActivity, appium:appPackage: com.redaptive, appium:automationName: uiautomator2, appium:chromedriverPort: 18080, appium:chromedriverPorts: [[18100, 18110]], appium:databaseEnabled: false, appium:desired: {appActivity: com.redaptive.MainActivity, appPackage: com.redaptive, automationName: uiautomator2, bstack:options: {appiumVersion: 1.17.0}, chromedriverPort: 18080, chromedriverPorts: [[18100, 18110]], deviceName: google pixel 5, disableSuppressAccessibilityService: true, goog:chromeOptions: {}, nativeWebScreenshot: true, newCommandTimeout: 0, platformName: Android, platformVersion: 12.0, skipServerInstallation: true, systemPort: 8200, udid: 0B141FDD4001BB}, appium:deviceApiLevel: 31, appium:deviceManufacturer: Google, appium:deviceModel: Pixel 5, appium:deviceName: 0B141FDD4001BB, appium:deviceScreenDensity: 440, appium:deviceScreenSize: 1080x2340, appium:deviceUDID: 0B141FDD4001BB, appium:disableSuppressAccessibilityService: true, appium:javascriptEnabled: true, appium:locationContextEnabled: false, appium:nativeWebScreenshot: true, appium:networkConnectionEnabled: true, appium:newCommandTimeout: 0, appium:pixelRatio: 2.75, appium:platformVersion: 12, appium:skipServerInstallation: true, appium:statBarHeight: 145, appium:systemPort: 8200, appium:takesScreenshot: true, appium:udid: 0B141FDD4001BB, appium:viewportRect: {height: 2015, left: 0, top: 145, width: 1080}, appium:warnings: {}, appium:webStorageEnabled: false, bstack:options: {appiumVersion: 1.17.0}, goog:chromeOptions: {}, platformName: Android}
Session ID: 57f2cf84adc99c23eacc8709c0958c1c7fed196f
at java.base/jdk.internal.reflect.NativeConstructorAccessorImpl.newInstance0(Native Method)
at java.base/jdk.internal.reflect.NativeConstructorAccessorImpl.newInstance(NativeConstructorAccessorImpl.java:77)
at java.base/jdk.internal.reflect.DelegatingConstructorAccessorImpl.newInstance(DelegatingConstructorAccessorImpl.java:45)
at java.base/java.lang.reflect.Constructor.newInstanceWithCaller(Constructor.java:499)
at java.base/java.lang.reflect.Constructor.newInstance(Constructor.java:480)
at org.openqa.selenium.remote.codec.w3c.W3CHttpResponseCodec.createException(W3CHttpResponseCodec.java:200)
at org.openqa.selenium.remote.codec.w3c.W3CHttpResponseCodec.decode(W3CHttpResponseCodec.java:133)
at org.openqa.selenium.remote.codec.w3c.W3CHttpResponseCodec.decode(W3CHttpResponseCodec.java:53)
at org.openqa.selenium.remote.HttpCommandExecutor.execute(HttpCommandExecutor.java:184)
at io.appium.java_client.remote.AppiumCommandExecutor.execute(AppiumCommandExecutor.java:180)
at org.openqa.selenium.remote.RemoteWebDriver.execute(RemoteWebDriver.java:567)
at org.openqa.selenium.remote.ElementLocation$ElementFinder$2.findElement(ElementLocation.java:162)
at org.openqa.selenium.remote.ElementLocation.findElement(ElementLocation.java:60)
at org.openqa.selenium.remote.RemoteWebDriver.findElement(RemoteWebDriver.java:385)
at org.openqa.selenium.remote.RemoteWebDriver.findElement(RemoteWebDriver.java:377)
at Resources.BasePage.click(BasePage.java:49)
at Pages.SubmitPage.clickFinalizeInstallBtn(SubmitPage.java:18)
at Submit.Submit.SubmitFlow(Submit.java:182)
at NonWorkMarketFlow.SubmitFlow(NonWorkMarketFlow.java:61)
at java.base/jdk.internal.reflect.NativeMethodAccessorImpl.invoke0(Native Method)
at java.base/jdk.internal.reflect.NativeMethodAccessorImpl.invoke(NativeMethodAccessorImpl.java:77)
at java.base/jdk.internal.reflect.DelegatingMethodAccessorImpl.invoke(DelegatingMethodAccessorImpl.java:43)
at java.base/java.lang.reflect.Method.invoke(Method.java:568)
at org.testng.internal.MethodInvocationHelper.invokeMethod(MethodInvocationHelper.java:133)
at org.testng.internal.TestInvoker.invokeMethod(TestInvoker.java:598)
at org.testng.internal.TestInvoker.invokeTestMethod(TestInvoker.java:173)
at org.testng.internal.MethodRunner.runInSequence(MethodRunner.java:46)
at org.testng.internal.TestInvoker$MethodInvocationAgent.invoke(TestInvoker.java:824)
at org.testng.internal.TestInvoker.invokeTestMethods(TestInvoker.java:146)
at org.testng.internal.TestMethodWorker.invokeTestMethods(TestMethodWorker.java:146)
at org.testng.internal.TestMethodWorker.run(TestMethodWorker.java:128)
at java.base/java.util.ArrayList.forEach(ArrayList.java:1511)
at org.testng.TestRunner.privateRun(TestRunner.java:794)
at org.testng.TestRunner.run(TestRunner.java:596)
at org.testng.SuiteRunner.runTest(SuiteRunner.java:377)
at org.testng.SuiteRunner.access$000(SuiteRunner.java:28)
at org.testng.SuiteRunner$SuiteWorker.run(SuiteRunner.java:418)
at org.testng.internal.thread.ThreadUtil.lambda$execute$0(ThreadUtil.java:64)
at java.base/java.util.concurrent.FutureTask.run(FutureTask.java:264)
at java.base/java.util.concurrent.ThreadPoolExecutor.runWorker(ThreadPoolExecutor.java:1136)
at java.base/java.util.concurrent.ThreadPoolExecutor$Worker.run(ThreadPoolExecutor.java:635)
at java.base/java.lang.Thread.run(Thread.java:833)
]]>
    </error>
  </testcase> <!-- SubmitFlow -->
  <system-out/>
</testsuite> <!-- NonWorkMarketFlow -->
